[2020/07/10 11:26:05] [1594351565] [T] [DATA] [input] [user_input] [] [main.py -s luntest -id 10]
[2020/07/10 11:26:05] [1594351565] [T] [INFO] [info] [start] [] [Start to configure LUN on NetApp Storage]
[2020/07/10 11:26:05] [1594351565] [T] [INFO] [info] [start] [] [  Start to connect NetApp via telnet]
[2020/07/10 11:26:05] [1594351565] [F] [DATA] [value] [dict] [data for telnet connect] [{'host': '10.203.1.231', 'port': 23, 'username': 'root', 'password': 'Feixi@123'}]
[2020/07/10 11:26:06] [1594351565] [T] [INFO] [info] [start] [] [  Start to create lun, name: luntest_10]
[2020/07/10 11:26:06] [1594351565] [T] [OPRT] [cmd] [telnet] [3596651415] [lun create -s 10m -t linux /vol/esxi/luntest_10]
[2020/07/10 11:26:06] [1594351565] [T] [INFO] [info] [finish] [] [  Create LUN luntest_10 successful]
[2020/07/10 11:26:06] [1594351565] [T] [INFO] [info] [start] [] [  Start to map LUN, LUN name: luntest_10, LUN ID: 10]
[2020/07/10 11:26:06] [1594351565] [T] [OPRT] [cmd] [telnet] [1935566145] [lun map /vol/esxi/luntest_10 hydra 10]
[2020/07/10 11:26:06] [1594351565] [T] [INFO] [info] [finish] [] [  Finish with map LUN, LUN name: luntest_10, LUN ID: 10]
[2020/07/10 11:26:06] [1594351565] [T] [INFO] [info] [start] [] [Start to configure DRDB resource and crm resource on VersaPLX]
[2020/07/10 11:26:06] [1594351565] [T] [INFO] [info] [start] [] [  Start to connect VersaPLX via SSH]
[2020/07/10 11:26:06] [1594351565] [F] [DATA] [value] [dict] [data for SSH connect] [{'host': '10.203.1.199', 'port': 22, 'username': 'root', 'password': 'password'}]
[2020/07/10 11:26:06] [1594351565] [T] [INFO] [info] [start] [] [    Start to configure DRBD resource res_luntest_10]
[2020/07/10 11:26:06] [1594351565] [T] [INFO] [info] [start] [] [  Discover_new_lun for id 10]
[2020/07/10 11:26:06] [1594351565] [T] [OPRT] [cmd] [ssh] [3564569151] [/usr/bin/rescan-scsi-bus.sh]
[2020/07/10 11:26:09] [1594351565] [F] [DATA] [cmd] [ssh] [3564569151] [{'sts': 1, 'rst': b'Scanning SCSI subsystem for new devices\nScanning host 0 for  SCSI target IDs  0 1 2 3 4 5 6 7, all LUNs\nScanning host 1 for  SCSI target IDs  0 1 2 3 4 5 6 7, all LUNs\nScanning host 2 for  SCSI target IDs  0 1 2 3 4 5 6 7, all LUNs\n Scanning for device 2 0 0 0 ...\r Calling udevadm settle (can take a while) \x1b[D\x1b[D\x1b[D\x1b[D\x1b[D\x1b[D\x1b[D\x1b[D\x1b[D\x1b[D\x1b[D\x1b[D\x1b[D\x1b[D\x1b[D\x1b[D\x1b[D\x1b[D\x1b[D\x1b[D\x1b[D\x1b[D\x1b[D\x1b[D\x1b[D\x1b[D\x1b[D\x1b[D\x1b[D\x1b[D\x1b[D\x1b[D\x1b[D\x1b[D\x1b[D\x1b[D\x1b[D\x1b[D\x1b[D\x1b[D\x1b[D\x1b[D\x1b[D                                           \x1b[D\x1b[D\x1b[D\x1b[D\x1b[D\x1b[D\x1b[D\x1b[D\x1b[D\x1b[D\x1b[D\x1b[D\x1b[D\x1b[D\x1b[D\x1b[D\x1b[D\x1b[D\x1b[D\x1b[D\x1b[D\x1b[D\x1b[D\x1b[D\x1b[D\x1b[D\x1b[D\x1b[D\x1b[D\x1b[D\x1b[D\x1b[D\x1b[D\x1b[D\x1b[D\x1b[D\x1b[D\x1b[D\x1b[D\x1b[D\x1b[D\x1b[D\x1b[D Scanning for device 2 0 0 0 ... \nOLD: Host: scsi2 Channel: 00 Id: 00 Lun: 00\n      Vendor: NECVMWar Model: VMware SATA CD00 Rev: 1.00\n      Type:   CD-ROM                           ANSI SCSI revision: 05\nScanning host 3 for  SCSI target IDs  0 1 2 3 4 5 6 7, all LUNs\nScanning host 4 for  SCSI target IDs  0 1 2 3 4 5 6 7, all LUNs\nScanning host 5 for  SCSI target IDs  0 1 2 3 4 5 6 7, all LUNs\nScanning host 6 for  SCSI target IDs  0 1 2 3 4 5 6 7, all LUNs\nScanning host 7 for  SCSI target IDs  0 1 2 3 4 5 6 7, all LUNs\nScanning host 8 for  SCSI target IDs  0 1 2 3 4 5 6 7, all LUNs\nScanning host 9 for  SCSI target IDs  0 1 2 3 4 5 6 7, all LUNs\nScanning host 10 for  SCSI target IDs  0 1 2 3 4 5 6 7, all LUNs\nScanning host 11 for  SCSI target IDs  0 1 2 3 4 5 6 7, all LUNs\nScanning host 12 for  SCSI target IDs  0 1 2 3 4 5 6 7, all LUNs\nScanning host 13 for  SCSI target IDs  0 1 2 3 4 5 6 7, all LUNs\nScanning host 14 for  SCSI target IDs  0 1 2 3 4 5 6 7, all LUNs\nScanning host 15 for  SCSI target IDs  0 1 2 3 4 5 6 7, all LUNs\nScanning host 16 for  SCSI target IDs  0 1 2 3 4 5 6 7, all LUNs\nScanning host 17 for  SCSI target IDs  0 1 2 3 4 5 6 7, all LUNs\nScanning host 18 for  SCSI target IDs  0 1 2 3 4 5 6 7, all LUNs\nScanning host 19 for  SCSI target IDs  0 1 2 3 4 5 6 7, all LUNs\nScanning host 20 for  SCSI target IDs  0 1 2 3 4 5 6 7, all LUNs\nScanning host 21 for  SCSI target IDs  0 1 2 3 4 5 6 7, all LUNs\nScanning host 22 for  SCSI target IDs  0 1 2 3 4 5 6 7, all LUNs\nScanning host 23 for  SCSI target IDs  0 1 2 3 4 5 6 7, all LUNs\nScanning host 24 for  SCSI target IDs  0 1 2 3 4 5 6 7, all LUNs\nScanning host 25 for  SCSI target IDs  0 1 2 3 4 5 6 7, all LUNs\nScanning host 26 for  SCSI target IDs  0 1 2 3 4 5 6 7, all LUNs\nScanning host 27 for  SCSI target IDs  0 1 2 3 4 5 6 7, all LUNs\nScanning host 28 for  SCSI target IDs  0 1 2 3 4 5 6 7, all LUNs\nScanning host 29 for  SCSI target IDs  0 1 2 3 4 5 6 7, all LUNs\nScanning host 30 for  SCSI target IDs  0 1 2 3 4 5 6 7, all LUNs\nScanning host 31 for  SCSI target IDs  0 1 2 3 4 5 6 7, all LUNs\nScanning host 32 for  SCSI target IDs  0 1 2 3 4 5 6 7, all LUNs\n Scanning for device 32 0 0 0 ...\r Scanning for device 32 0 0 0 ... \nOLD: Host: scsi32 Channel: 00 Id: 00 Lun: 00\n      Vendor: VMware   Model: Virtual disk     Rev: 2.0 \n      Type:   Direct-Access                    ANSI SCSI revision: 06\nScanning host 36 for  SCSI target IDs  0 1 2 3 4 5 6 7, all LUNs\n Scanning for device 36 0 0 0 ...\r Calling udevadm settle (can take a while) \x1b[D\x1b[D\x1b[D\x1b[D\x1b[D\x1b[D\x1b[D\x1b[D\x1b[D\x1b[D\x1b[D\x1b[D\x1b[D\x1b[D\x1b[D\x1b[D\x1b[D\x1b[D\x1b[D\x1b[D\x1b[D\x1b[D\x1b[D\x1b[D\x1b[D\x1b[D\x1b[D\x1b[D\x1b[D\x1b[D\x1b[D\x1b[D\x1b[D\x1b[D\x1b[D\x1b[D\x1b[D\x1b[D\x1b[D\x1b[D\x1b[D\x1b[D\x1b[D                                           \x1b[D\x1b[D\x1b[D\x1b[D\x1b[D\x1b[D\x1b[D\x1b[D\x1b[D\x1b[D\x1b[D\x1b[D\x1b[D\x1b[D\x1b[D\x1b[D\x1b[D\x1b[D\x1b[D\x1b[D\x1b[D\x1b[D\x1b[D\x1b[D\x1b[D\x1b[D\x1b[D\x1b[D\x1b[D\x1b[D\x1b[D\x1b[D\x1b[D\x1b[D\x1b[D\x1b[D\x1b[D\x1b[D\x1b[D\x1b[D\x1b[D\x1b[D\x1b[D Scanning for device 36 0 0 5 ... \nOLD: Host: scsi36 Channel: 00 Id: 00 Lun: 05\n      Vendor: NETAPP   Model: LUN              Rev: 7320\n      Type:   Direct-Access                    ANSI SCSI revision: 04\n Scanning for device 36 0 0 120 ... \nOLD: Host: scsi36 Channel: 00 Id: 00 Lun: 120\n      Vendor: NETAPP   Model: LUN              Rev: 7320\n      Type:   Direct-Access                    ANSI SCSI revision: 04\n Scanning for device 36 0 0 121 ... \nOLD: Host: scsi36 Channel: 00 Id: 00 Lun: 121\n      Vendor: NETAPP   Model: LUN              Rev: 7320\n      Type:   Direct-Access                    ANSI SCSI revision: 04\n Scanning for device 36 0 0 122 ... \nOLD: Host: scsi36 Channel: 00 Id: 00 Lun: 122\n      Vendor: NETAPP   Model: LUN              Rev: 7320\n      Type:   Direct-Access                    ANSI SCSI revision: 04\n Scanning for device 36 0 0 123 ... \nOLD: Host: scsi36 Channel: 00 Id: 00 Lun: 123\n      Vendor: NETAPP   Model: LUN              Rev: 7320\n      Type:   Direct-Access                    ANSI SCSI revision: 04\n Scanning for device 36 0 0 124 ... \nOLD: Host: scsi36 Channel: 00 Id: 00 Lun: 124\n      Vendor: NETAPP   Model: LUN              Rev: 7320\n      Type:   Direct-Access                    ANSI SCSI revision: 04\n Scanning for device 36 0 0 125 ... \nOLD: Host: scsi36 Channel: 00 Id: 00 Lun: 125\n      Vendor: NETAPP   Model: LUN              Rev: 7320\n      Type:   Direct-Access                    ANSI SCSI revision: 04\n Scanning for device 36 0 0 126 ... \nOLD: Host: scsi36 Channel: 00 Id: 00 Lun: 126\n      Vendor: NETAPP   Model: LUN              Rev: 7320\n      Type:   Direct-Access                    ANSI SCSI revision: 04\n Scanning for device 36 0 0 127 ... \nOLD: Host: scsi36 Channel: 00 Id: 00 Lun: 127\n      Vendor: NETAPP   Model: LUN              Rev: 7320\n      Type:   Direct-Access                    ANSI SCSI revision: 04\n Scanning for device 36 0 0 128 ... \nOLD: Host: scsi36 Channel: 00 Id: 00 Lun: 128\n      Vendor: NETAPP   Model: LUN              Rev: 7320\n      Type:   Direct-Access                    ANSI SCSI revision: 04\n Scanning for device 36 0 0 129 ... \nOLD: Host: scsi36 Channel: 00 Id: 00 Lun: 129\n      Vendor: NETAPP   Model: LUN              Rev: 7320\n      Type:   Direct-Access                    ANSI SCSI revision: 04\n Scanning for device 36 0 0 130 ... \nOLD: Host: scsi36 Channel: 00 Id: 00 Lun: 130\n      Vendor: NETAPP   Model: LUN              Rev: 7320\n      Type:   Direct-Access                    ANSI SCSI revision: 04\n Scanning for device 36 0 0 131 ... \nOLD: Host: scsi36 Channel: 00 Id: 00 Lun: 131\n      Vendor: NETAPP   Model: LUN              Rev: 7320\n      Type:   Direct-Access                    ANSI SCSI revision: 04\n Scanning for device 36 0 0 132 ... \nOLD: Host: scsi36 Channel: 00 Id: 00 Lun: 132\n      Vendor: NETAPP   Model: LUN              Rev: 7320\n      Type:   Direct-Access                    ANSI SCSI revision: 04\n Scanning for device 36 0 0 10 ... \nOLD: \rNEW: Host: scsi36 Channel: 00 Id: 00 Lun: 10\n      Vendor: NETAPP   Model: LUN              Rev: 7320\n      Type:   Direct-Access                    ANSI SCSI revision: 04\n1 new or changed device(s) found.          \n\t[36:0:0:10]\n0 remapped or resized device(s) found.\n0 device(s) removed.                 \n'}]
[2020/07/10 11:26:09] [1594351565] [T] [OPRT] [cmd] [ssh] [1945561953] [lsscsi]
[2020/07/10 11:26:09] [1594351565] [F] [DATA] [cmd] [ssh] [1945561953] [{'sts': 1, 'rst': b'[2:0:0:0]    cd/dvd  NECVMWar VMware SATA CD00 1.00  /dev/sr0 \n[32:0:0:0]   disk    VMware   Virtual disk     2.0   /dev/sda \n[36:0:0:5]   disk    NETAPP   LUN              7320  /dev/sdh \n[36:0:0:10]  disk    NETAPP   LUN              7320  /dev/sdp \n[36:0:0:120] disk    NETAPP   LUN              7320  /dev/sdb \n[36:0:0:121] disk    NETAPP   LUN              7320  /dev/sdc \n[36:0:0:122] disk    NETAPP   LUN              7320  /dev/sdd \n[36:0:0:123] disk    NETAPP   LUN              7320  /dev/sde \n[36:0:0:124] disk    NETAPP   LUN              7320  /dev/sdg \n[36:0:0:125] disk    NETAPP   LUN              7320  /dev/sdi \n[36:0:0:126] disk    NETAPP   LUN              7320  /dev/sdl \n[36:0:0:127] disk    NETAPP   LUN              7320  /dev/sdm \n[36:0:0:128] disk    NETAPP   LUN              7320  /dev/sdf \n[36:0:0:129] disk    NETAPP   LUN              7320  /dev/sdj \n[36:0:0:130] disk    NETAPP   LUN              7320  /dev/sdk \n[36:0:0:131] disk    NETAPP   LUN              7320  /dev/sdn \n[36:0:0:132] disk    NETAPP   LUN              7320  /dev/sdo \n'}]
[2020/07/10 11:26:09] [1594351565] [T] [OPRT] [regular] [findall] [5145539916] [{re.compile('\\:(\\d*)\\].*NETAPP[ 0-9a-zA-Z._]*(/dev/sd[a-z]{1,3})'): '\\:(\\d*)\\].*NETAPP[ 0-9a-zA-Z._]*(/dev/sd[a-z]{1,3})'}]
[2020/07/10 11:26:09] [1594351565] [F] [DATA] [regular] [findall] [5145539916] [[('5', '/dev/sdh'), ('10', '/dev/sdp'), ('120', '/dev/sdb'), ('121', '/dev/sdc'), ('122', '/dev/sdd'), ('123', '/dev/sde'), ('124', '/dev/sdg'), ('125', '/dev/sdi'), ('126', '/dev/sdl'), ('127', '/dev/sdm'), ('128', '/dev/sdf'), ('129', '/dev/sdj'), ('130', '/dev/sdk'), ('131', '/dev/sdn'), ('132', '/dev/sdo')]]
[2020/07/10 11:26:09] [1594351565] [T] [INFO] [info] [finish] [] [    Find device /dev/sdp for LUN id 10]
[2020/07/10 11:26:09] [1594351565] [T] [INFO] [info] [start] [] [      Start prepare config fiel for resource res_luntest_10]
[2020/07/10 11:26:09] [1594351565] [F] [DATA] [value] [list] [content of drbd config file] [['resource res_luntest_10 {', '\\ \\ \\ \\ on maxluntarget {', '\\ \\ \\ \\ \\ \\ \\ \\ device /dev/drbd10\\;', '\\ \\ \\ \\ \\ \\ \\ \\ disk /dev/sdp\\;', '\\ \\ \\ \\ \\ \\ \\ \\ address 10.203.1.199:7789\\;', '\\ \\ \\ \\ \\ \\ \\ \\ node-id 0\\;', '\\ \\ \\ \\ \\ \\ \\ \\ meta-disk internal\\;', '\\ \\ \\ \\}', '}']]
[2020/07/10 11:26:09] [1594351565] [T] [OPRT] [cmd] [ssh] [5946915351] [echo resource res_luntest_10 { > /etc/drbd.d/res_luntest_10.res]
[2020/07/10 11:26:09] [1594351565] [F] [DATA] [cmd] [ssh] [5946915351] [{'sts': 1, 'rst': b''}]
[2020/07/10 11:26:09] [1594351565] [T] [OPRT] [cmd] [ssh] [9154539651] [echo \ \ \ \ on maxluntarget { >> /etc/drbd.d/res_luntest_10.res]
[2020/07/10 11:26:09] [1594351565] [F] [DATA] [cmd] [ssh] [9154539651] [{'sts': 1, 'rst': b''}]
[2020/07/10 11:26:09] [1594351565] [T] [OPRT] [cmd] [ssh] [6559419351] [echo \ \ \ \ \ \ \ \ device /dev/drbd10\; >> /etc/drbd.d/res_luntest_10.res]
[2020/07/10 11:26:09] [1594351565] [F] [DATA] [cmd] [ssh] [6559419351] [{'sts': 1, 'rst': b''}]
[2020/07/10 11:26:09] [1594351565] [T] [OPRT] [cmd] [ssh] [4535196591] [echo \ \ \ \ \ \ \ \ disk /dev/sdp\; >> /etc/drbd.d/res_luntest_10.res]
[2020/07/10 11:26:09] [1594351565] [F] [DATA] [cmd] [ssh] [4535196591] [{'sts': 1, 'rst': b''}]
[2020/07/10 11:26:09] [1594351565] [T] [OPRT] [cmd] [ssh] [9655491315] [echo \ \ \ \ \ \ \ \ address 10.203.1.199:7789\; >> /etc/drbd.d/res_luntest_10.res]
[2020/07/10 11:26:10] [1594351565] [F] [DATA] [cmd] [ssh] [9655491315] [{'sts': 1, 'rst': b''}]
[2020/07/10 11:26:10] [1594351565] [T] [OPRT] [cmd] [ssh] [9071314555] [echo \ \ \ \ \ \ \ \ node-id 0\; >> /etc/drbd.d/res_luntest_10.res]
[2020/07/10 11:26:10] [1594351565] [F] [DATA] [cmd] [ssh] [9071314555] [{'sts': 1, 'rst': b''}]
[2020/07/10 11:26:10] [1594351565] [T] [OPRT] [cmd] [ssh] [5359174501] [echo \ \ \ \ \ \ \ \ meta-disk internal\; >> /etc/drbd.d/res_luntest_10.res]
[2020/07/10 11:26:10] [1594351565] [F] [DATA] [cmd] [ssh] [5359174501] [{'sts': 1, 'rst': b''}]
[2020/07/10 11:26:10] [1594351565] [T] [OPRT] [cmd] [ssh] [1455097531] [echo \ \ \ \} >> /etc/drbd.d/res_luntest_10.res]
[2020/07/10 11:26:10] [1594351565] [F] [DATA] [cmd] [ssh] [1455097531] [{'sts': 1, 'rst': b''}]
[2020/07/10 11:26:10] [1594351565] [T] [OPRT] [cmd] [ssh] [0151475935] [echo } >> /etc/drbd.d/res_luntest_10.res]
[2020/07/10 11:26:10] [1594351565] [F] [DATA] [cmd] [ssh] [0151475935] [{'sts': 1, 'rst': b''}]
[2020/07/10 11:26:10] [1594351565] [T] [INFO] [info] [finish] [] [      Create DRBD config file "res_luntest_10.res" done]
[2020/07/10 11:26:10] [1594351565] [T] [INFO] [info] [start] [] [      Initialize drbd for res_luntest_10]
[2020/07/10 11:26:10] [1594351565] [T] [OPRT] [cmd] [ssh] [0953115745] [drbdadm create-md res_luntest_10]
[2020/07/10 11:26:12] [1594351565] [F] [DATA] [cmd] [ssh] [0953115745] [{'sts': 1, 'rst': b'initializing activity log\nWriting meta data...\nNew drbd meta data block successfully created.\n'}]
[2020/07/10 11:26:12] [1594351565] [T] [OPRT] [regular] [findall] [5157521439] [initializing activity log
Writing meta data...
New drbd meta data block successfully created.
]
[2020/07/10 11:26:12] [1594351565] [F] [DATA] [regular] [findall] [5157521439] [['New drbd meta data block successfully created']]
[2020/07/10 11:26:12] [1594351565] [T] [INFO] [info] [start] [] [      Start to drbd up for res_luntest_10]
[2020/07/10 11:26:12] [1594351565] [T] [OPRT] [cmd] [ssh] [1379551245] [drbdadm up res_luntest_10]
[2020/07/10 11:26:12] [1594351565] [F] [DATA] [cmd] [ssh] [1379551245] [{'sts': 1, 'rst': b''}]
[2020/07/10 11:26:12] [1594351565] [T] [INFO] [info] [finish] [] [      res_luntest_10 started successfully]
[2020/07/10 11:26:12] [1594351565] [T] [INFO] [info] [start] [] [      Start to initial synchronization for res_luntest_10]
[2020/07/10 11:26:12] [1594351565] [T] [OPRT] [cmd] [ssh] [1751254539] [drbdadm primary --force res_luntest_10]
[2020/07/10 11:26:12] [1594351565] [F] [DATA] [cmd] [ssh] [1751254539] [{'sts': 1, 'rst': b''}]
[2020/07/10 11:26:12] [1594351565] [T] [INFO] [info] [finish] [] [      res_luntest_10 synchronize successfully]
[2020/07/10 11:26:12] [1594351565] [T] [INFO] [info] [start] [] [      Start to check DRBD resource status]
[2020/07/10 11:26:12] [1594351565] [T] [OPRT] [cmd] [ssh] [1321457955] [drbdadm status res_luntest_10]
[2020/07/10 11:26:12] [1594351565] [F] [DATA] [cmd] [ssh] [1321457955] [{'sts': 1, 'rst': b'res_luntest_10 role:Primary\n  disk:UpToDate\n\n'}]
[2020/07/10 11:26:12] [1594351565] [T] [OPRT] [regular] [findall] [2455795131] [res_luntest_10 role:Primary
  disk:UpToDate

]
[2020/07/10 11:26:12] [1594351565] [F] [DATA] [regular] [findall] [2455795131] [UpToDate]
[2020/07/10 11:26:12] [1594351565] [T] [INFO] [info] [finish] [] [      res_luntest_10 DRBD check successfully]
[2020/07/10 11:26:12] [1594351565] [T] [INFO] [info] [start] [] [  Start to configure crm resource res_luntest_10]
[2020/07/10 11:26:12] [1594351565] [T] [INFO] [info] [start] [] [    Start to create iSCSILogicalUnit resource res_luntest_10]
[2020/07/10 11:26:12] [1594351565] [T] [OPRT] [cmd] [ssh] [1947125535] [crm conf primitive res_luntest_10             iSCSILogicalUnit params target_iqn="iqn.2020-06.com.example:test-max-lun"             implementation=lio-t lun=10 path="/dev/drbd10"            allowed_initiators="iqn.1993-08.org.debian:01:885240c2d86c" op start timeout=40 interval=0 op stop timeout=40 interval=0 op monitor timeout=40 interval=50 meta target-role=Stopped]
[2020/07/10 11:26:14] [1594351565] [F] [DATA] [cmd] [ssh] [1947125535] [{'sts': 1, 'rst': b''}]
[2020/07/10 11:26:14] [1594351565] [T] [INFO] [info] [finish] [] [      Create iSCSILogicalUnit successfully]
[2020/07/10 11:26:14] [1594351565] [T] [INFO] [info] [start] [] [      start to setting up iSCSILogicalUnit resources of colocation]
[2020/07/10 11:26:14] [1594351565] [T] [OPRT] [cmd] [ssh] [9741351554] [crm conf colocation co_res_luntest_10 inf: res_luntest_10 t_test]
[2020/07/10 11:26:15] [1594351565] [F] [DATA] [cmd] [ssh] [9741351554] [{'sts': 1, 'rst': b''}]
[2020/07/10 11:26:15] [1594351565] [T] [INFO] [info] [finish] [] [      Setting colocation successful]
[2020/07/10 11:26:15] [1594351565] [T] [INFO] [info] [start] [] [      Start to setting up iSCSILogicalUnit resources of order]
[2020/07/10 11:26:15] [1594351565] [T] [OPRT] [cmd] [ssh] [5179455135] [crm conf order or_res_luntest_10 t_test res_luntest_10]
[2020/07/10 11:26:17] [1594351565] [F] [DATA] [cmd] [ssh] [5179455135] [{'sts': 1, 'rst': b''}]
[2020/07/10 11:26:17] [1594351565] [T] [INFO] [info] [finish] [] [      Setting order succeed]
[2020/07/10 11:26:17] [1594351565] [T] [INFO] [info] [start] [] [      Start the iSCSILogicalUnit resource res_luntest_10]
[2020/07/10 11:26:17] [1594351565] [T] [OPRT] [cmd] [ssh] [5519357174] [crm res start res_luntest_10]
[2020/07/10 11:26:18] [1594351565] [F] [DATA] [cmd] [ssh] [5519357174] [{'sts': 1, 'rst': b''}]
[2020/07/10 11:26:18] [1594351565] [T] [OPRT] [cmd] [ssh] [9755481513] [crm res show res_luntest_10]
[2020/07/10 11:26:18] [1594351565] [T] [INFO] [warning] [failed] [] [  Command "crm res show res_luntest_10" execute failed]
[2020/07/10 11:26:18] [1594351565] [F] [DATA] [cmd] [ssh] [9755481513] [{'sts': 0, 'rst': b'resource res_luntest_10 is NOT running\n'}]
[2020/07/10 11:26:20] [1594351565] [T] [OPRT] [cmd] [ssh] [5831549501] [crm res show res_luntest_10]
[2020/07/10 11:26:20] [1594351565] [F] [DATA] [cmd] [ssh] [5831549501] [{'sts': 1, 'rst': b'resource res_luntest_10 is running on: maxluntarget \n'}]
[2020/07/10 11:26:20] [1594351565] [T] [INFO] [info] [finish] [] [      ISCSI LUN start successful]
[2020/07/10 11:26:22] [1594351565] [T] [INFO] [info] [start] [] [Start to Format and do some IO test on Host]
[2020/07/10 11:26:22] [1594351565] [T] [INFO] [info] [start] [] [  Start to connect VersaPLX via SSH]
[2020/07/10 11:26:22] [1594351565] [F] [DATA] [value] [dict] [data for SSH connect] [{'host': '10.203.1.200', 'port': '22', 'username': 'root', 'password': 'password'}]
[2020/07/10 11:26:22] [1594351565] [T] [OPRT] [cmd] [ssh] [1159354528] [umount /mnt]
[2020/07/10 11:26:23] [1594351565] [F] [DATA] [cmd] [ssh] [1159354528] [{'sts': 1, 'rst': b''}]
[2020/07/10 11:26:23] [1594351565] [T] [INFO] [info] [start] [] [    Execute the command and check up the status of session]
[2020/07/10 11:26:23] [1594351565] [T] [OPRT] [cmd] [ssh] [4533815915] [iscsiadm -m session]
[2020/07/10 11:26:23] [1594351565] [F] [DATA] [cmd] [ssh] [4533815915] [{'sts': 1, 'rst': b'tcp: [42] 10.203.1.199:3260,1 iqn.2020-06.com.example:test-max-lun (non-flash)\n'}]
[2020/07/10 11:26:23] [1594351565] [T] [OPRT] [regular] [findall] [5485531193] [{'tcp: [42] 10.203.1.199:3260,1 iqn.2020-06.com.example:test-max-lun (non-flash)\n': 'tcp: [42] 10.203.1.199:3260,1 iqn.2020-06.com.example:test-max-lun (non-flash)\n'}]
[2020/07/10 11:26:23] [1594351565] [F] [DATA] [regular] [findall] [5485531193] [['10.203.1.199']]
[2020/07/10 11:26:23] [1594351565] [T] [INFO] [info] [finish] [] [    ISCSI already login to VersaPLX]
[2020/07/10 11:26:23] [1594351565] [T] [INFO] [info] [start] [] [    Start to scan SCSI device from VersaPLX]
[2020/07/10 11:26:23] [1594351565] [T] [OPRT] [cmd] [ssh] [1534953158] [/usr/bin/rescan-scsi-bus.sh]
[2020/07/10 11:26:25] [1594351565] [F] [DATA] [cmd] [ssh] [1534953158] [{'sts': 1, 'rst': b'Scanning SCSI subsystem for new devices\nScanning host 0 for  SCSI target IDs  0 1 2 3 4 5 6 7, all LUNs\nScanning host 1 for  SCSI target IDs  0 1 2 3 4 5 6 7, all LUNs\nScanning host 2 for  SCSI target IDs  0 1 2 3 4 5 6 7, all LUNs\n Scanning for device 2 0 0 0 ...\r Calling udevadm settle (can take a while) \x1b[D\x1b[D\x1b[D\x1b[D\x1b[D\x1b[D\x1b[D\x1b[D\x1b[D\x1b[D\x1b[D\x1b[D\x1b[D\x1b[D\x1b[D\x1b[D\x1b[D\x1b[D\x1b[D\x1b[D\x1b[D\x1b[D\x1b[D\x1b[D\x1b[D\x1b[D\x1b[D\x1b[D\x1b[D\x1b[D\x1b[D\x1b[D\x1b[D\x1b[D\x1b[D\x1b[D\x1b[D\x1b[D\x1b[D\x1b[D\x1b[D\x1b[D\x1b[D                                           \x1b[D\x1b[D\x1b[D\x1b[D\x1b[D\x1b[D\x1b[D\x1b[D\x1b[D\x1b[D\x1b[D\x1b[D\x1b[D\x1b[D\x1b[D\x1b[D\x1b[D\x1b[D\x1b[D\x1b[D\x1b[D\x1b[D\x1b[D\x1b[D\x1b[D\x1b[D\x1b[D\x1b[D\x1b[D\x1b[D\x1b[D\x1b[D\x1b[D\x1b[D\x1b[D\x1b[D\x1b[D\x1b[D\x1b[D\x1b[D\x1b[D\x1b[D\x1b[D Scanning for device 2 0 0 0 ... \nOLD: Host: scsi2 Channel: 00 Id: 00 Lun: 00\n      Vendor: NECVMWar Model: VMware SATA CD00 Rev: 1.00\n      Type:   CD-ROM                           ANSI SCSI revision: 05\nScanning host 3 for  SCSI target IDs  0 1 2 3 4 5 6 7, all LUNs\nScanning host 4 for  SCSI target IDs  0 1 2 3 4 5 6 7, all LUNs\nScanning host 5 for  SCSI target IDs  0 1 2 3 4 5 6 7, all LUNs\nScanning host 6 for  SCSI target IDs  0 1 2 3 4 5 6 7, all LUNs\nScanning host 7 for  SCSI target IDs  0 1 2 3 4 5 6 7, all LUNs\nScanning host 8 for  SCSI target IDs  0 1 2 3 4 5 6 7, all LUNs\nScanning host 9 for  SCSI target IDs  0 1 2 3 4 5 6 7, all LUNs\nScanning host 10 for  SCSI target IDs  0 1 2 3 4 5 6 7, all LUNs\nScanning host 11 for  SCSI target IDs  0 1 2 3 4 5 6 7, all LUNs\nScanning host 12 for  SCSI target IDs  0 1 2 3 4 5 6 7, all LUNs\nScanning host 13 for  SCSI target IDs  0 1 2 3 4 5 6 7, all LUNs\nScanning host 14 for  SCSI target IDs  0 1 2 3 4 5 6 7, all LUNs\nScanning host 15 for  SCSI target IDs  0 1 2 3 4 5 6 7, all LUNs\nScanning host 16 for  SCSI target IDs  0 1 2 3 4 5 6 7, all LUNs\nScanning host 17 for  SCSI target IDs  0 1 2 3 4 5 6 7, all LUNs\nScanning host 18 for  SCSI target IDs  0 1 2 3 4 5 6 7, all LUNs\nScanning host 19 for  SCSI target IDs  0 1 2 3 4 5 6 7, all LUNs\nScanning host 20 for  SCSI target IDs  0 1 2 3 4 5 6 7, all LUNs\nScanning host 21 for  SCSI target IDs  0 1 2 3 4 5 6 7, all LUNs\nScanning host 22 for  SCSI target IDs  0 1 2 3 4 5 6 7, all LUNs\nScanning host 23 for  SCSI target IDs  0 1 2 3 4 5 6 7, all LUNs\nScanning host 24 for  SCSI target IDs  0 1 2 3 4 5 6 7, all LUNs\nScanning host 25 for  SCSI target IDs  0 1 2 3 4 5 6 7, all LUNs\nScanning host 26 for  SCSI target IDs  0 1 2 3 4 5 6 7, all LUNs\nScanning host 27 for  SCSI target IDs  0 1 2 3 4 5 6 7, all LUNs\nScanning host 28 for  SCSI target IDs  0 1 2 3 4 5 6 7, all LUNs\nScanning host 29 for  SCSI target IDs  0 1 2 3 4 5 6 7, all LUNs\nScanning host 30 for  SCSI target IDs  0 1 2 3 4 5 6 7, all LUNs\nScanning host 31 for  SCSI target IDs  0 1 2 3 4 5 6 7, all LUNs\nScanning host 32 for  SCSI target IDs  0 1 2 3 4 5 6 7, all LUNs\n Scanning for device 32 0 0 0 ...\r Scanning for device 32 0 0 0 ... \nOLD: Host: scsi32 Channel: 00 Id: 00 Lun: 00\n      Vendor: VMware   Model: Virtual disk     Rev: 2.0 \n      Type:   Direct-Access                    ANSI SCSI revision: 06\nScanning host 33 for  SCSI target IDs  0 1 2 3 4 5 6 7, all LUNs\n Scanning for device 33 0 0 0 ...\r Calling udevadm settle (can take a while) \x1b[D\x1b[D\x1b[D\x1b[D\x1b[D\x1b[D\x1b[D\x1b[D\x1b[D\x1b[D\x1b[D\x1b[D\x1b[D\x1b[D\x1b[D\x1b[D\x1b[D\x1b[D\x1b[D\x1b[D\x1b[D\x1b[D\x1b[D\x1b[D\x1b[D\x1b[D\x1b[D\x1b[D\x1b[D\x1b[D\x1b[D\x1b[D\x1b[D\x1b[D\x1b[D\x1b[D\x1b[D\x1b[D\x1b[D\x1b[D\x1b[D\x1b[D\x1b[D                                           \x1b[D\x1b[D\x1b[D\x1b[D\x1b[D\x1b[D\x1b[D\x1b[D\x1b[D\x1b[D\x1b[D\x1b[D\x1b[D\x1b[D\x1b[D\x1b[D\x1b[D\x1b[D\x1b[D\x1b[D\x1b[D\x1b[D\x1b[D\x1b[D\x1b[D\x1b[D\x1b[D\x1b[D\x1b[D\x1b[D\x1b[D\x1b[D\x1b[D\x1b[D\x1b[D\x1b[D\x1b[D\x1b[D\x1b[D\x1b[D\x1b[D\x1b[D\x1b[D Scanning for device 33 0 0 5 ... \nOLD: Host: scsi33 Channel: 00 Id: 00 Lun: 05\n      Vendor: LIO-ORG  Model: res_log_test_5   Rev: 4.0 \n      Type:   Direct-Access                    ANSI SCSI revision: 05\n Scanning for device 33 0 0 124 ... \nOLD: Host: scsi33 Channel: 00 Id: 00 Lun: 124\n      Vendor: LIO-ORG  Model: res_log_test_12  Rev: 4.0 \n      Type:   Direct-Access                    ANSI SCSI revision: 05\n Scanning for device 33 0 0 125 ... \nOLD: Host: scsi33 Channel: 00 Id: 00 Lun: 125\n      Vendor: LIO-ORG  Model: res_log_test_12  Rev: 4.0 \n      Type:   Direct-Access                    ANSI SCSI revision: 05\n Scanning for device 33 0 0 126 ... \nOLD: Host: scsi33 Channel: 00 Id: 00 Lun: 126\n      Vendor: LIO-ORG  Model: res_log_test_12  Rev: 4.0 \n      Type:   Direct-Access                    ANSI SCSI revision: 05\n Scanning for device 33 0 0 127 ... \nOLD: Host: scsi33 Channel: 00 Id: 00 Lun: 127\n      Vendor: LIO-ORG  Model: res_log_test_12  Rev: 4.0 \n      Type:   Direct-Access                    ANSI SCSI revision: 05\n Scanning for device 33 0 0 128 ... \nOLD: Host: scsi33 Channel: 00 Id: 00 Lun: 128\n      Vendor: LIO-ORG  Model: res_log_test_12  Rev: 4.0 \n      Type:   Direct-Access                    ANSI SCSI revision: 05\n Scanning for device 33 0 0 129 ... \nOLD: Host: scsi33 Channel: 00 Id: 00 Lun: 129\n      Vendor: LIO-ORG  Model: res_log_test_12  Rev: 4.0 \n      Type:   Direct-Access                    ANSI SCSI revision: 05\n Scanning for device 33 0 0 130 ... \nOLD: Host: scsi33 Channel: 00 Id: 00 Lun: 130\n      Vendor: LIO-ORG  Model: res_log_test_13  Rev: 4.0 \n      Type:   Direct-Access                    ANSI SCSI revision: 05\n Scanning for device 33 0 0 131 ... \nOLD: Host: scsi33 Channel: 00 Id: 00 Lun: 131\n      Vendor: LIO-ORG  Model: res_log_test_13  Rev: 4.0 \n      Type:   Direct-Access                    ANSI SCSI revision: 05\n Scanning for device 33 0 0 132 ... \nOLD: Host: scsi33 Channel: 00 Id: 00 Lun: 132\n      Vendor: LIO-ORG  Model: res_log_test_13  Rev: 4.0 \n      Type:   Direct-Access                    ANSI SCSI revision: 05\n Scanning for device 33 0 0 10 ... \nOLD: \rNEW: Host: scsi33 Channel: 00 Id: 00 Lun: 10\n      Vendor: LIO-ORG  Model: res_luntest_10   Rev: 4.0 \n      Type:   Direct-Access                    ANSI SCSI revision: 05\n1 new or changed device(s) found.          \n\t[33:0:0:10]\n0 remapped or resized device(s) found.\n0 device(s) removed.                 \n'}]
[2020/07/10 11:26:25] [1594351565] [T] [INFO] [info] [start] [] [    Start to list all SCSI device]
[2020/07/10 11:26:25] [1594351565] [T] [OPRT] [cmd] [ssh] [8314559515] [lsscsi]
[2020/07/10 11:26:25] [1594351565] [F] [DATA] [cmd] [ssh] [8314559515] [{'sts': 1, 'rst': b'[2:0:0:0]    cd/dvd  NECVMWar VMware SATA CD00 1.00  /dev/sr0 \n[32:0:0:0]   disk    VMware   Virtual disk     2.0   /dev/sda \n[33:0:0:5]   disk    LIO-ORG  res_log_test_5   4.0   /dev/sdg \n[33:0:0:10]  disk    LIO-ORG  res_luntest_10   4.0   /dev/sdl \n[33:0:0:124] disk    LIO-ORG  res_log_test_12  4.0   /dev/sdd \n[33:0:0:125] disk    LIO-ORG  res_log_test_12  4.0   /dev/sdc \n[33:0:0:126] disk    LIO-ORG  res_log_test_12  4.0   /dev/sdb \n[33:0:0:127] disk    LIO-ORG  res_log_test_12  4.0   /dev/sde \n[33:0:0:128] disk    LIO-ORG  res_log_test_12  4.0   /dev/sdf \n[33:0:0:129] disk    LIO-ORG  res_log_test_12  4.0   /dev/sdh \n[33:0:0:130] disk    LIO-ORG  res_log_test_13  4.0   /dev/sdi \n[33:0:0:131] disk    LIO-ORG  res_log_test_13  4.0   /dev/sdj \n[33:0:0:132] disk    LIO-ORG  res_log_test_13  4.0   /dev/sdk \n'}]
[2020/07/10 11:26:25] [1594351565] [T] [OPRT] [regular] [findall] [5539811554] [{re.compile('\\:(\\d*)\\].*LIO-ORG[ 0-9a-zA-Z._]*(/dev/sd[a-z]{1,3})'): '\\:(\\d*)\\].*LIO-ORG[ 0-9a-zA-Z._]*(/dev/sd[a-z]{1,3})'}]
[2020/07/10 11:26:25] [1594351565] [F] [DATA] [regular] [findall] [5539811554] [[('5', '/dev/sdg'), ('10', '/dev/sdl'), ('124', '/dev/sdd'), ('125', '/dev/sdc'), ('126', '/dev/sdb'), ('127', '/dev/sde'), ('128', '/dev/sdf'), ('129', '/dev/sdh'), ('130', '/dev/sdi'), ('131', '/dev/sdj'), ('132', '/dev/sdk')]]
[2020/07/10 11:26:25] [1594351565] [T] [INFO] [warning] [failed] [] [    Find new device /dev/sdl for LUN id 10]
[2020/07/10 11:26:25] [1594351565] [T] [INFO] [info] [start] [] [    Start to format /dev/sdl]
[2020/07/10 11:26:25] [1594351565] [T] [OPRT] [cmd] [ssh] [5894351551] [mkfs.ext4 /dev/sdl -F]
[2020/07/10 11:26:25] [1594351565] [F] [DATA] [cmd] [ssh] [5894351551] [{'sts': 1, 'rst': b'Creating filesystem with 10200 1k blocks and 2560 inodes\nFilesystem UUID: 927e1dd3-c189-4528-bac8-037b48c13618\nSuperblock backups stored on blocks: \n\t8193\n\nAllocating group tables: 0/2\x08\x08\x08   \x08\x08\x08done                            \nWriting inode tables: 0/2\x08\x08\x08   \x08\x08\x08done                            \nCreating journal (1024 blocks): done\nWriting superblocks and filesystem accounting information: 0/2\x08\x08\x08   \x08\x08\x08done\n\n'}]
[2020/07/10 11:26:25] [1594351565] [T] [INFO] [info] [start] [] [    Try mount /dev/sdl to "/mnt"]
[2020/07/10 11:26:25] [1594351565] [T] [OPRT] [cmd] [ssh] [5155145839] [mount /dev/sdl /mnt]
[2020/07/10 11:26:26] [1594351565] [F] [DATA] [cmd] [ssh] [5155145839] [{'sts': 1, 'rst': b''}]
[2020/07/10 11:26:26] [1594351565] [T] [INFO] [info] [finish] [] [  Disk /dev/sdl mounted to "/mnt"]
[2020/07/10 11:26:26] [1594351565] [T] [INFO] [info] [finish] [] [    Disk /dev/sdl mounted to "/mnt"]
[2020/07/10 11:26:26] [1594351565] [T] [INFO] [info] [start] [] [  Start speed test ... ... ... ... ... ...]
[2020/07/10 11:26:26] [1594351565] [T] [OPRT] [cmd] [ssh] [5191854563] [dd if=/dev/zero of=/mnt/t.dat bs=512k count=16]
[2020/07/10 11:26:26] [1594351565] [T] [INFO] [warning] [failed] [] [  Command "dd if=/dev/zero of=/mnt/t.dat bs=512k count=16" execute failed]
[2020/07/10 11:26:26] [1594351565] [F] [DATA] [cmd] [ssh] [5191854563] [{'sts': 0, 'rst': b'16+0 records in\n16+0 records out\n8388608 bytes (8.4 MB, 8.0 MiB) copied, 0.720381 s, 11.6 MB/s\n'}]
[2020/07/10 11:26:26] [1594351565] [T] [OPRT] [regular] [findall] [1385541596] [{re.compile('.*s, ([0-9.]* [A-Z]B/s)'): '16+0 records in\n16+0 records out\n8388608 bytes (8.4 MB, 8.0 MiB) copied, 0.720381 s, 11.6 MB/s\n'}]
[2020/07/10 11:26:26] [1594351565] [F] [DATA] [regular] [findall] [1385541596] [11.6 MB/s]
[2020/07/10 11:26:26] [1594351565] [T] [INFO] [info] [finish] [] [    Write Speed: 11.6 MB/s]
[2020/07/10 11:26:27] [1594351565] [T] [OPRT] [cmd] [ssh] [5543879511] [dd if=/mnt/t.dat of=/dev/zero bs=512k count=16]
[2020/07/10 11:26:27] [1594351565] [T] [INFO] [warning] [failed] [] [  Command "dd if=/mnt/t.dat of=/dev/zero bs=512k count=16" execute failed]
[2020/07/10 11:26:27] [1594351565] [F] [DATA] [cmd] [ssh] [5543879511] [{'sts': 0, 'rst': b'16+0 records in\n16+0 records out\n8388608 bytes (8.4 MB, 8.0 MiB) copied, 0.00383602 s, 2.2 GB/s\n'}]
[2020/07/10 11:26:27] [1594351565] [T] [OPRT] [regular] [findall] [5159514837] [{re.compile('.*s, ([0-9.]* [A-Z]B/s)'): '16+0 records in\n16+0 records out\n8388608 bytes (8.4 MB, 8.0 MiB) copied, 0.00383602 s, 2.2 GB/s\n'}]
[2020/07/10 11:26:27] [1594351565] [F] [DATA] [regular] [findall] [5159514837] [2.2 GB/s]
[2020/07/10 11:26:27] [1594351565] [T] [INFO] [info] [finish] [] [    Read  Speed: 2.2 GB/s]
[2020/07/10 11:26:33] [1594351593] [T] [DATA] [input] [user_input] [] [main.py -s luntest -id 10 -d]
[2020/07/10 11:26:33] [1594351593] [T] [INFO] [info] [start] [] [  Start to connect VersaPLX via SSH]
[2020/07/10 11:26:33] [1594351593] [F] [DATA] [value] [dict] [data for SSH connect] [{'host': '10.203.1.199', 'port': 22, 'username': 'root', 'password': 'password'}]
[2020/07/10 11:26:34] [1594351593] [T] [INFO] [info] [start] [] [  Start to configure crm resource res_luntest_[10]]
[2020/07/10 11:26:34] [1594351593] [T] [OPRT] [cmd] [ssh] [4155945913] [crm res show]
[2020/07/10 11:26:34] [1594351593] [F] [DATA] [cmd] [ssh] [4155945913] [{'sts': 1, 'rst': b' t_test\t(ocf::heartbeat:iSCSITarget):\tStarted\n res_log_test_124\t(ocf::heartbeat:iSCSILogicalUnit):\tStarted\n res_log_test_125\t(ocf::heartbeat:iSCSILogicalUnit):\tStarted\n res_log_test_126\t(ocf::heartbeat:iSCSILogicalUnit):\tStarted\n res_log_test_127\t(ocf::heartbeat:iSCSILogicalUnit):\tStarted\n res_log_test_128\t(ocf::heartbeat:iSCSILogicalUnit):\tStarted\n res_log_test_5\t(ocf::heartbeat:iSCSILogicalUnit):\tStarted\n res_log_test_129\t(ocf::heartbeat:iSCSILogicalUnit):\tStarted\n res_log_test_130\t(ocf::heartbeat:iSCSILogicalUnit):\tStarted\n res_log_test_131\t(ocf::heartbeat:iSCSILogicalUnit):\tStarted\n res_log_test_132\t(ocf::heartbeat:iSCSILogicalUnit):\tStarted\n res_luntest_10\t(ocf::heartbeat:iSCSILogicalUnit):\tStarted\n'}]
[2020/07/10 11:26:34] [1594351593] [T] [INFO] [info] [start] [] [Start to configure DRDB resource and crm resource on VersaPLX]
[2020/07/10 11:26:34] [1594351593] [T] [INFO] [info] [start] [] [    Start to configure DRBD resource res_luntest_[10]]
[2020/07/10 11:26:34] [1594351593] [T] [OPRT] [cmd] [ssh] [5931514594] [drbdadm status]
[2020/07/10 11:26:34] [1594351593] [F] [DATA] [cmd] [ssh] [5931514594] [{'sts': 1, 'rst': b'res_log_test_124 role:Primary\n  disk:UpToDate\n\nres_log_test_125 role:Primary\n  disk:UpToDate\n\nres_log_test_126 role:Primary\n  disk:UpToDate\n\nres_log_test_127 role:Primary\n  disk:UpToDate\n\nres_log_test_128 role:Primary\n  disk:UpToDate\n\nres_log_test_129 role:Primary\n  disk:UpToDate\n\nres_log_test_130 role:Primary\n  disk:UpToDate\n\nres_log_test_131 role:Primary\n  disk:UpToDate\n\nres_log_test_132 role:Primary\n  disk:UpToDate\n\nres_log_test_5 role:Primary\n  disk:UpToDate\n\nres_luntest_10 role:Primary\n  disk:UpToDate\n\n'}]
[2020/07/10 11:26:34] [1594351593] [T] [INFO] [info] [start] [] [Start to configure LUN on NetApp Storage]
[2020/07/10 11:26:34] [1594351593] [T] [INFO] [info] [start] [] [  Start to connect NetApp via telnet]
[2020/07/10 11:26:34] [1594351593] [F] [DATA] [value] [dict] [data for telnet connect] [{'host': '10.203.1.231', 'port': 23, 'username': 'root', 'password': 'Feixi@123'}]
[2020/07/10 11:26:35] [1594351593] [T] [OPRT] [cmd] [telnet] [3545955119] [lun show]
[2020/07/10 11:26:36] [1594351593] [T] [INFO] [info] [start] [] [Start to Format and do some IO test on Host]
[2020/07/10 11:26:36] [1594351593] [T] [INFO] [info] [start] [] [  Start to connect VersaPLX via SSH]
[2020/07/10 11:26:36] [1594351593] [F] [DATA] [value] [dict] [data for SSH connect] [{'host': '10.203.1.200', 'port': '22', 'username': 'root', 'password': 'password'}]
[2020/07/10 11:26:36] [1594351593] [T] [OPRT] [cmd] [ssh] [6549531915] [umount /mnt]
[2020/07/10 11:26:36] [1594351593] [F] [DATA] [cmd] [ssh] [6549531915] [{'sts': 1, 'rst': b''}]
[2020/07/10 11:26:36] [1594351593] [T] [INFO] [info] [start] [] [    Execute the command and check up the status of session]
[2020/07/10 11:26:36] [1594351593] [T] [OPRT] [cmd] [ssh] [1159564539] [iscsiadm -m session]
[2020/07/10 11:26:36] [1594351593] [F] [DATA] [cmd] [ssh] [1159564539] [{'sts': 1, 'rst': b'tcp: [42] 10.203.1.199:3260,1 iqn.2020-06.com.example:test-max-lun (non-flash)\n'}]
[2020/07/10 11:26:36] [1594351593] [T] [OPRT] [regular] [findall] [1659954513] [{'tcp: [42] 10.203.1.199:3260,1 iqn.2020-06.com.example:test-max-lun (non-flash)\n': 'tcp: [42] 10.203.1.199:3260,1 iqn.2020-06.com.example:test-max-lun (non-flash)\n'}]
[2020/07/10 11:26:36] [1594351593] [F] [DATA] [regular] [findall] [1659954513] [['10.203.1.199']]
[2020/07/10 11:26:36] [1594351593] [T] [INFO] [info] [finish] [] [    ISCSI already login to VersaPLX]
[2020/07/10 11:26:38] [1594351593] [T] [OPRT] [cmd] [ssh] [9315195854] [crm res stop res_luntest_10]
[2020/07/10 11:26:39] [1594351593] [F] [DATA] [cmd] [ssh] [9315195854] [{'sts': 1, 'rst': b''}]
[2020/07/10 11:26:39] [1594351593] [T] [OPRT] [cmd] [ssh] [9915539415] [crm res show res_luntest_10]
[2020/07/10 11:26:40] [1594351593] [F] [DATA] [cmd] [ssh] [9915539415] [{'sts': 1, 'rst': b'resource res_luntest_10 is running on: maxluntarget \n'}]
[2020/07/10 11:26:41] [1594351593] [T] [OPRT] [cmd] [ssh] [6493505111] [crm res show res_luntest_10]
[2020/07/10 11:26:42] [1594351593] [T] [INFO] [warning] [failed] [] [  Command "crm res show res_luntest_10" execute failed]
[2020/07/10 11:26:42] [1594351593] [F] [DATA] [cmd] [ssh] [6493505111] [{'sts': 0, 'rst': b'resource res_luntest_10 is NOT running\n'}]
[2020/07/10 11:26:42] [1594351593] [T] [OPRT] [cmd] [ssh] [5469251013] [crm cof delete res_luntest_10]
[2020/07/10 11:26:43] [1594351593] [T] [INFO] [warning] [failed] [] [  Command "crm cof delete res_luntest_10" execute failed]
[2020/07/10 11:26:43] [1594351593] [F] [DATA] [cmd] [ssh] [5469251013] [{'sts': 0, 'rst': b'INFO: hanging colocation:co_res_luntest_10 deleted\nINFO: hanging order:or_res_luntest_10 deleted\n'}]
[2020/07/10 11:26:43] [1594351593] [T] [OPRT] [cmd] [ssh] [3515960431] [drbdadm down res_luntest_10]
[2020/07/10 11:26:43] [1594351593] [F] [DATA] [cmd] [ssh] [3515960431] [{'sts': 1, 'rst': b''}]
[2020/07/10 11:26:43] [1594351593] [T] [OPRT] [cmd] [ssh] [6131395504] [rm /etc/drbd.d/res_luntest_10.res]
[2020/07/10 11:26:43] [1594351593] [F] [DATA] [cmd] [ssh] [6131395504] [{'sts': 1, 'rst': b''}]
[2020/07/10 11:26:43] [1594351593] [T] [OPRT] [cmd] [telnet] [3535490116] [lun unmap /vol/esxi/luntest_10 hydra]
[2020/07/10 11:26:43] [1594351593] [T] [OPRT] [cmd] [telnet] [1953403561] [lun destroy /vol/esxi/luntest_10]
[2020/07/10 11:26:44] [1594351593] [T] [OPRT] [cmd] [ssh] [1914450563] [rescan-scsi-bus.sh -r]
[2020/07/10 11:26:47] [1594351593] [F] [DATA] [cmd] [ssh] [1914450563] [{'sts': 1, 'rst': b'Syncing file systems\nScanning SCSI subsystem for new devices and remove devices that have disappeared\nScanning host 0 for  SCSI target IDs  0 1 2 3 4 5 6 7, all LUNs\nScanning host 1 for  SCSI target IDs  0 1 2 3 4 5 6 7, all LUNs\nScanning host 2 for  SCSI target IDs  0 1 2 3 4 5 6 7, all LUNs\n Scanning for device 2 0 0 0 ...\r Calling udevadm settle (can take a while) \x1b[D\x1b[D\x1b[D\x1b[D\x1b[D\x1b[D\x1b[D\x1b[D\x1b[D\x1b[D\x1b[D\x1b[D\x1b[D\x1b[D\x1b[D\x1b[D\x1b[D\x1b[D\x1b[D\x1b[D\x1b[D\x1b[D\x1b[D\x1b[D\x1b[D\x1b[D\x1b[D\x1b[D\x1b[D\x1b[D\x1b[D\x1b[D\x1b[D\x1b[D\x1b[D\x1b[D\x1b[D\x1b[D\x1b[D\x1b[D\x1b[D\x1b[D\x1b[D                                           \x1b[D\x1b[D\x1b[D\x1b[D\x1b[D\x1b[D\x1b[D\x1b[D\x1b[D\x1b[D\x1b[D\x1b[D\x1b[D\x1b[D\x1b[D\x1b[D\x1b[D\x1b[D\x1b[D\x1b[D\x1b[D\x1b[D\x1b[D\x1b[D\x1b[D\x1b[D\x1b[D\x1b[D\x1b[D\x1b[D\x1b[D\x1b[D\x1b[D\x1b[D\x1b[D\x1b[D\x1b[D\x1b[D\x1b[D\x1b[D\x1b[D\x1b[D\x1b[D Scanning for device 2 0 0 0 ... \nOLD: Host: scsi2 Channel: 00 Id: 00 Lun: 00\n      Vendor: NECVMWar Model: VMware SATA CD00 Rev: 1.00\n      Type:   CD-ROM                           ANSI SCSI revision: 05\n\r\x1b[A\x1b[A\x1b[AOLD: Host: scsi2 Channel: 00 Id: 00 Lun: 00\n      Vendor: NECVMWar Model: VMware SATA CD00 Rev: 1.00\n      Type:   CD-ROM                           ANSI SCSI revision: 05\nScanning host 3 for  SCSI target IDs  0 1 2 3 4 5 6 7, all LUNs\nScanning host 4 for  SCSI target IDs  0 1 2 3 4 5 6 7, all LUNs\nScanning host 5 for  SCSI target IDs  0 1 2 3 4 5 6 7, all LUNs\nScanning host 6 for  SCSI target IDs  0 1 2 3 4 5 6 7, all LUNs\nScanning host 7 for  SCSI target IDs  0 1 2 3 4 5 6 7, all LUNs\nScanning host 8 for  SCSI target IDs  0 1 2 3 4 5 6 7, all LUNs\nScanning host 9 for  SCSI target IDs  0 1 2 3 4 5 6 7, all LUNs\nScanning host 10 for  SCSI target IDs  0 1 2 3 4 5 6 7, all LUNs\nScanning host 11 for  SCSI target IDs  0 1 2 3 4 5 6 7, all LUNs\nScanning host 12 for  SCSI target IDs  0 1 2 3 4 5 6 7, all LUNs\nScanning host 13 for  SCSI target IDs  0 1 2 3 4 5 6 7, all LUNs\nScanning host 14 for  SCSI target IDs  0 1 2 3 4 5 6 7, all LUNs\nScanning host 15 for  SCSI target IDs  0 1 2 3 4 5 6 7, all LUNs\nScanning host 16 for  SCSI target IDs  0 1 2 3 4 5 6 7, all LUNs\nScanning host 17 for  SCSI target IDs  0 1 2 3 4 5 6 7, all LUNs\nScanning host 18 for  SCSI target IDs  0 1 2 3 4 5 6 7, all LUNs\nScanning host 19 for  SCSI target IDs  0 1 2 3 4 5 6 7, all LUNs\nScanning host 20 for  SCSI target IDs  0 1 2 3 4 5 6 7, all LUNs\nScanning host 21 for  SCSI target IDs  0 1 2 3 4 5 6 7, all LUNs\nScanning host 22 for  SCSI target IDs  0 1 2 3 4 5 6 7, all LUNs\nScanning host 23 for  SCSI target IDs  0 1 2 3 4 5 6 7, all LUNs\nScanning host 24 for  SCSI target IDs  0 1 2 3 4 5 6 7, all LUNs\nScanning host 25 for  SCSI target IDs  0 1 2 3 4 5 6 7, all LUNs\nScanning host 26 for  SCSI target IDs  0 1 2 3 4 5 6 7, all LUNs\nScanning host 27 for  SCSI target IDs  0 1 2 3 4 5 6 7, all LUNs\nScanning host 28 for  SCSI target IDs  0 1 2 3 4 5 6 7, all LUNs\nScanning host 29 for  SCSI target IDs  0 1 2 3 4 5 6 7, all LUNs\nScanning host 30 for  SCSI target IDs  0 1 2 3 4 5 6 7, all LUNs\nScanning host 31 for  SCSI target IDs  0 1 2 3 4 5 6 7, all LUNs\nScanning host 32 for  SCSI target IDs  0 1 2 3 4 5 6 7, all LUNs\n Scanning for device 32 0 0 0 ...\r Scanning for device 32 0 0 0 ... \nOLD: Host: scsi32 Channel: 00 Id: 00 Lun: 00\n      Vendor: VMware   Model: Virtual disk     Rev: 2.0 \n      Type:   Direct-Access                    ANSI SCSI revision: 06\n\r\x1b[A\x1b[A\x1b[AOLD: Host: scsi32 Channel: 00 Id: 00 Lun: 00\n      Vendor: VMware   Model: Virtual disk     Rev: 2.0 \n      Type:   Direct-Access                    ANSI SCSI revision: 06\nScanning host 36 for  SCSI target IDs  0 1 2 3 4 5 6 7, all LUNs\n Scanning for device 36 0 0 0 ...\r Calling udevadm settle (can take a while) \x1b[D\x1b[D\x1b[D\x1b[D\x1b[D\x1b[D\x1b[D\x1b[D\x1b[D\x1b[D\x1b[D\x1b[D\x1b[D\x1b[D\x1b[D\x1b[D\x1b[D\x1b[D\x1b[D\x1b[D\x1b[D\x1b[D\x1b[D\x1b[D\x1b[D\x1b[D\x1b[D\x1b[D\x1b[D\x1b[D\x1b[D\x1b[D\x1b[D\x1b[D\x1b[D\x1b[D\x1b[D\x1b[D\x1b[D\x1b[D\x1b[D\x1b[D\x1b[D                                           \x1b[D\x1b[D\x1b[D\x1b[D\x1b[D\x1b[D\x1b[D\x1b[D\x1b[D\x1b[D\x1b[D\x1b[D\x1b[D\x1b[D\x1b[D\x1b[D\x1b[D\x1b[D\x1b[D\x1b[D\x1b[D\x1b[D\x1b[D\x1b[D\x1b[D\x1b[D\x1b[D\x1b[D\x1b[D\x1b[D\x1b[D\x1b[D\x1b[D\x1b[D\x1b[D\x1b[D\x1b[D\x1b[D\x1b[D\x1b[D\x1b[D\x1b[D\x1b[D Scanning for device 36 0 0 5 ... \nOLD: Host: scsi36 Channel: 00 Id: 00 Lun: 05\n      Vendor: NETAPP   Model: LUN              Rev: 7320\n      Type:   Direct-Access                    ANSI SCSI revision: 04\n\r\x1b[A\x1b[A\x1b[AOLD: Host: scsi36 Channel: 00 Id: 00 Lun: 05\n      Vendor: NETAPP   Model: LUN              Rev: 7320\n      Type:   Direct-Access                    ANSI SCSI revision: 04\n Scanning for device 36 0 0 120 ... \nOLD: Host: scsi36 Channel: 00 Id: 00 Lun: 120\n      Vendor: NETAPP   Model: LUN              Rev: 7320\n      Type:   Direct-Access                    ANSI SCSI revision: 04\n\r\x1b[A\x1b[A\x1b[AOLD: Host: scsi36 Channel: 00 Id: 00 Lun: 120\n      Vendor: NETAPP   Model: LUN              Rev: 7320\n      Type:   Direct-Access                    ANSI SCSI revision: 04\n Scanning for device 36 0 0 121 ... \nOLD: Host: scsi36 Channel: 00 Id: 00 Lun: 121\n      Vendor: NETAPP   Model: LUN              Rev: 7320\n      Type:   Direct-Access                    ANSI SCSI revision: 04\n\r\x1b[A\x1b[A\x1b[AOLD: Host: scsi36 Channel: 00 Id: 00 Lun: 121\n      Vendor: NETAPP   Model: LUN              Rev: 7320\n      Type:   Direct-Access                    ANSI SCSI revision: 04\n Scanning for device 36 0 0 122 ... \nOLD: Host: scsi36 Channel: 00 Id: 00 Lun: 122\n      Vendor: NETAPP   Model: LUN              Rev: 7320\n      Type:   Direct-Access                    ANSI SCSI revision: 04\n\r\x1b[A\x1b[A\x1b[AOLD: Host: scsi36 Channel: 00 Id: 00 Lun: 122\n      Vendor: NETAPP   Model: LUN              Rev: 7320\n      Type:   Direct-Access                    ANSI SCSI revision: 04\n Scanning for device 36 0 0 123 ... \nOLD: Host: scsi36 Channel: 00 Id: 00 Lun: 123\n      Vendor: NETAPP   Model: LUN              Rev: 7320\n      Type:   Direct-Access                    ANSI SCSI revision: 04\n\r\x1b[A\x1b[A\x1b[AOLD: Host: scsi36 Channel: 00 Id: 00 Lun: 123\n      Vendor: NETAPP   Model: LUN              Rev: 7320\n      Type:   Direct-Access                    ANSI SCSI revision: 04\n Scanning for device 36 0 0 124 ... \nOLD: Host: scsi36 Channel: 00 Id: 00 Lun: 124\n      Vendor: NETAPP   Model: LUN              Rev: 7320\n      Type:   Direct-Access                    ANSI SCSI revision: 04\n\r\x1b[A\x1b[A\x1b[AOLD: Host: scsi36 Channel: 00 Id: 00 Lun: 124\n      Vendor: NETAPP   Model: LUN              Rev: 7320\n      Type:   Direct-Access                    ANSI SCSI revision: 04\n Scanning for device 36 0 0 125 ... \nOLD: Host: scsi36 Channel: 00 Id: 00 Lun: 125\n      Vendor: NETAPP   Model: LUN              Rev: 7320\n      Type:   Direct-Access                    ANSI SCSI revision: 04\n\r\x1b[A\x1b[A\x1b[AOLD: Host: scsi36 Channel: 00 Id: 00 Lun: 125\n      Vendor: NETAPP   Model: LUN              Rev: 7320\n      Type:   Direct-Access                    ANSI SCSI revision: 04\n Scanning for device 36 0 0 126 ... \nOLD: Host: scsi36 Channel: 00 Id: 00 Lun: 126\n      Vendor: NETAPP   Model: LUN              Rev: 7320\n      Type:   Direct-Access                    ANSI SCSI revision: 04\n\r\x1b[A\x1b[A\x1b[AOLD: Host: scsi36 Channel: 00 Id: 00 Lun: 126\n      Vendor: NETAPP   Model: LUN              Rev: 7320\n      Type:   Direct-Access                    ANSI SCSI revision: 04\n Scanning for device 36 0 0 127 ... \nOLD: Host: scsi36 Channel: 00 Id: 00 Lun: 127\n      Vendor: NETAPP   Model: LUN              Rev: 7320\n      Type:   Direct-Access                    ANSI SCSI revision: 04\n\r\x1b[A\x1b[A\x1b[AOLD: Host: scsi36 Channel: 00 Id: 00 Lun: 127\n      Vendor: NETAPP   Model: LUN              Rev: 7320\n      Type:   Direct-Access                    ANSI SCSI revision: 04\n Scanning for device 36 0 0 128 ... \nOLD: Host: scsi36 Channel: 00 Id: 00 Lun: 128\n      Vendor: NETAPP   Model: LUN              Rev: 7320\n      Type:   Direct-Access                    ANSI SCSI revision: 04\n\r\x1b[A\x1b[A\x1b[AOLD: Host: scsi36 Channel: 00 Id: 00 Lun: 128\n      Vendor: NETAPP   Model: LUN              Rev: 7320\n      Type:   Direct-Access                    ANSI SCSI revision: 04\n Scanning for device 36 0 0 129 ... \nOLD: Host: scsi36 Channel: 00 Id: 00 Lun: 129\n      Vendor: NETAPP   Model: LUN              Rev: 7320\n      Type:   Direct-Access                    ANSI SCSI revision: 04\n\r\x1b[A\x1b[A\x1b[AOLD: Host: scsi36 Channel: 00 Id: 00 Lun: 129\n      Vendor: NETAPP   Model: LUN              Rev: 7320\n      Type:   Direct-Access                    ANSI SCSI revision: 04\n Scanning for device 36 0 0 130 ... \nOLD: Host: scsi36 Channel: 00 Id: 00 Lun: 130\n      Vendor: NETAPP   Model: LUN              Rev: 7320\n      Type:   Direct-Access                    ANSI SCSI revision: 04\n\r\x1b[A\x1b[A\x1b[AOLD: Host: scsi36 Channel: 00 Id: 00 Lun: 130\n      Vendor: NETAPP   Model: LUN              Rev: 7320\n      Type:   Direct-Access                    ANSI SCSI revision: 04\n Scanning for device 36 0 0 131 ... \nOLD: Host: scsi36 Channel: 00 Id: 00 Lun: 131\n      Vendor: NETAPP   Model: LUN              Rev: 7320\n      Type:   Direct-Access                    ANSI SCSI revision: 04\n\r\x1b[A\x1b[A\x1b[AOLD: Host: scsi36 Channel: 00 Id: 00 Lun: 131\n      Vendor: NETAPP   Model: LUN              Rev: 7320\n      Type:   Direct-Access                    ANSI SCSI revision: 04\n Scanning for device 36 0 0 132 ... \nOLD: Host: scsi36 Channel: 00 Id: 00 Lun: 132\n      Vendor: NETAPP   Model: LUN              Rev: 7320\n      Type:   Direct-Access                    ANSI SCSI revision: 04\n\r\x1b[A\x1b[A\x1b[AOLD: Host: scsi36 Channel: 00 Id: 00 Lun: 132\n      Vendor: NETAPP   Model: LUN              Rev: 7320\n      Type:   Direct-Access                    ANSI SCSI revision: 04\n Scanning for device 36 0 0 10 ... \nOLD: Host: scsi36 Channel: 00 Id: 00 Lun: 10\n      Vendor: NETAPP   Model: LUN              Rev: 7320\n      Type:   Direct-Access                    ANSI SCSI revision: 04\n\x1b[A\x1b[A\x1b[A\x1b[Asg16 changed: LU not available (PQual 1)    \n\n\n\n\r\x1b[A\x1b[A\x1b[AREM: Host: scsi36 Channel: 00 Id: 00 Lun: 10\n\x1b[B\x1b[B\n\r\x1b[A\x1b[A\x1b[AOLD: \rDEL: \r\n\n0 new or changed device(s) found.          \n0 remapped or resized device(s) found.\n1 device(s) removed.                 \n\t[36:0:0:10]\n'}]
[2020/07/10 11:26:47] [1594351593] [T] [OPRT] [cmd] [ssh] [7146159053] [rescan-scsi-bus.sh -r]
[2020/07/10 11:26:50] [1594351593] [F] [DATA] [cmd] [ssh] [7146159053] [{'sts': 1, 'rst': b'Syncing file systems\nScanning SCSI subsystem for new devices and remove devices that have disappeared\nScanning host 0 for  SCSI target IDs  0 1 2 3 4 5 6 7, all LUNs\nScanning host 1 for  SCSI target IDs  0 1 2 3 4 5 6 7, all LUNs\nScanning host 2 for  SCSI target IDs  0 1 2 3 4 5 6 7, all LUNs\n Scanning for device 2 0 0 0 ...\r Calling udevadm settle (can take a while) \x1b[D\x1b[D\x1b[D\x1b[D\x1b[D\x1b[D\x1b[D\x1b[D\x1b[D\x1b[D\x1b[D\x1b[D\x1b[D\x1b[D\x1b[D\x1b[D\x1b[D\x1b[D\x1b[D\x1b[D\x1b[D\x1b[D\x1b[D\x1b[D\x1b[D\x1b[D\x1b[D\x1b[D\x1b[D\x1b[D\x1b[D\x1b[D\x1b[D\x1b[D\x1b[D\x1b[D\x1b[D\x1b[D\x1b[D\x1b[D\x1b[D\x1b[D\x1b[D                                           \x1b[D\x1b[D\x1b[D\x1b[D\x1b[D\x1b[D\x1b[D\x1b[D\x1b[D\x1b[D\x1b[D\x1b[D\x1b[D\x1b[D\x1b[D\x1b[D\x1b[D\x1b[D\x1b[D\x1b[D\x1b[D\x1b[D\x1b[D\x1b[D\x1b[D\x1b[D\x1b[D\x1b[D\x1b[D\x1b[D\x1b[D\x1b[D\x1b[D\x1b[D\x1b[D\x1b[D\x1b[D\x1b[D\x1b[D\x1b[D\x1b[D\x1b[D\x1b[D Scanning for device 2 0 0 0 ... \nOLD: Host: scsi2 Channel: 00 Id: 00 Lun: 00\n      Vendor: NECVMWar Model: VMware SATA CD00 Rev: 1.00\n      Type:   CD-ROM                           ANSI SCSI revision: 05\n\r\x1b[A\x1b[A\x1b[AOLD: Host: scsi2 Channel: 00 Id: 00 Lun: 00\n      Vendor: NECVMWar Model: VMware SATA CD00 Rev: 1.00\n      Type:   CD-ROM                           ANSI SCSI revision: 05\nScanning host 3 for  SCSI target IDs  0 1 2 3 4 5 6 7, all LUNs\nScanning host 4 for  SCSI target IDs  0 1 2 3 4 5 6 7, all LUNs\nScanning host 5 for  SCSI target IDs  0 1 2 3 4 5 6 7, all LUNs\nScanning host 6 for  SCSI target IDs  0 1 2 3 4 5 6 7, all LUNs\nScanning host 7 for  SCSI target IDs  0 1 2 3 4 5 6 7, all LUNs\nScanning host 8 for  SCSI target IDs  0 1 2 3 4 5 6 7, all LUNs\nScanning host 9 for  SCSI target IDs  0 1 2 3 4 5 6 7, all LUNs\nScanning host 10 for  SCSI target IDs  0 1 2 3 4 5 6 7, all LUNs\nScanning host 11 for  SCSI target IDs  0 1 2 3 4 5 6 7, all LUNs\nScanning host 12 for  SCSI target IDs  0 1 2 3 4 5 6 7, all LUNs\nScanning host 13 for  SCSI target IDs  0 1 2 3 4 5 6 7, all LUNs\nScanning host 14 for  SCSI target IDs  0 1 2 3 4 5 6 7, all LUNs\nScanning host 15 for  SCSI target IDs  0 1 2 3 4 5 6 7, all LUNs\nScanning host 16 for  SCSI target IDs  0 1 2 3 4 5 6 7, all LUNs\nScanning host 17 for  SCSI target IDs  0 1 2 3 4 5 6 7, all LUNs\nScanning host 18 for  SCSI target IDs  0 1 2 3 4 5 6 7, all LUNs\nScanning host 19 for  SCSI target IDs  0 1 2 3 4 5 6 7, all LUNs\nScanning host 20 for  SCSI target IDs  0 1 2 3 4 5 6 7, all LUNs\nScanning host 21 for  SCSI target IDs  0 1 2 3 4 5 6 7, all LUNs\nScanning host 22 for  SCSI target IDs  0 1 2 3 4 5 6 7, all LUNs\nScanning host 23 for  SCSI target IDs  0 1 2 3 4 5 6 7, all LUNs\nScanning host 24 for  SCSI target IDs  0 1 2 3 4 5 6 7, all LUNs\nScanning host 25 for  SCSI target IDs  0 1 2 3 4 5 6 7, all LUNs\nScanning host 26 for  SCSI target IDs  0 1 2 3 4 5 6 7, all LUNs\nScanning host 27 for  SCSI target IDs  0 1 2 3 4 5 6 7, all LUNs\nScanning host 28 for  SCSI target IDs  0 1 2 3 4 5 6 7, all LUNs\nScanning host 29 for  SCSI target IDs  0 1 2 3 4 5 6 7, all LUNs\nScanning host 30 for  SCSI target IDs  0 1 2 3 4 5 6 7, all LUNs\nScanning host 31 for  SCSI target IDs  0 1 2 3 4 5 6 7, all LUNs\nScanning host 32 for  SCSI target IDs  0 1 2 3 4 5 6 7, all LUNs\n Scanning for device 32 0 0 0 ...\r Scanning for device 32 0 0 0 ... \nOLD: Host: scsi32 Channel: 00 Id: 00 Lun: 00\n      Vendor: VMware   Model: Virtual disk     Rev: 2.0 \n      Type:   Direct-Access                    ANSI SCSI revision: 06\n\r\x1b[A\x1b[A\x1b[AOLD: Host: scsi32 Channel: 00 Id: 00 Lun: 00\n      Vendor: VMware   Model: Virtual disk     Rev: 2.0 \n      Type:   Direct-Access                    ANSI SCSI revision: 06\nScanning host 33 for  SCSI target IDs  0 1 2 3 4 5 6 7, all LUNs\n Scanning for device 33 0 0 0 ...\r Calling udevadm settle (can take a while) \x1b[D\x1b[D\x1b[D\x1b[D\x1b[D\x1b[D\x1b[D\x1b[D\x1b[D\x1b[D\x1b[D\x1b[D\x1b[D\x1b[D\x1b[D\x1b[D\x1b[D\x1b[D\x1b[D\x1b[D\x1b[D\x1b[D\x1b[D\x1b[D\x1b[D\x1b[D\x1b[D\x1b[D\x1b[D\x1b[D\x1b[D\x1b[D\x1b[D\x1b[D\x1b[D\x1b[D\x1b[D\x1b[D\x1b[D\x1b[D\x1b[D\x1b[D\x1b[D                                           \x1b[D\x1b[D\x1b[D\x1b[D\x1b[D\x1b[D\x1b[D\x1b[D\x1b[D\x1b[D\x1b[D\x1b[D\x1b[D\x1b[D\x1b[D\x1b[D\x1b[D\x1b[D\x1b[D\x1b[D\x1b[D\x1b[D\x1b[D\x1b[D\x1b[D\x1b[D\x1b[D\x1b[D\x1b[D\x1b[D\x1b[D\x1b[D\x1b[D\x1b[D\x1b[D\x1b[D\x1b[D\x1b[D\x1b[D\x1b[D\x1b[D\x1b[D\x1b[D Calling udevadm settle (can take a while) \x1b[D\x1b[D\x1b[D\x1b[D\x1b[D\x1b[D\x1b[D\x1b[D\x1b[D\x1b[D\x1b[D\x1b[D\x1b[D\x1b[D\x1b[D\x1b[D\x1b[D\x1b[D\x1b[D\x1b[D\x1b[D\x1b[D\x1b[D\x1b[D\x1b[D\x1b[D\x1b[D\x1b[D\x1b[D\x1b[D\x1b[D\x1b[D\x1b[D\x1b[D\x1b[D\x1b[D\x1b[D\x1b[D\x1b[D\x1b[D\x1b[D\x1b[D\x1b[D                                           \x1b[D\x1b[D\x1b[D\x1b[D\x1b[D\x1b[D\x1b[D\x1b[D\x1b[D\x1b[D\x1b[D\x1b[D\x1b[D\x1b[D\x1b[D\x1b[D\x1b[D\x1b[D\x1b[D\x1b[D\x1b[D\x1b[D\x1b[D\x1b[D\x1b[D\x1b[D\x1b[D\x1b[D\x1b[D\x1b[D\x1b[D\x1b[D\x1b[D\x1b[D\x1b[D\x1b[D\x1b[D\x1b[D\x1b[D\x1b[D\x1b[D\x1b[D\x1b[D Scanning for device 33 0 0 5 ... \nOLD: Host: scsi33 Channel: 00 Id: 00 Lun: 05\n      Vendor: LIO-ORG  Model: res_log_test_5   Rev: 4.0 \n      Type:   Direct-Access                    ANSI SCSI revision: 05\n\r\x1b[A\x1b[A\x1b[AOLD: Host: scsi33 Channel: 00 Id: 00 Lun: 05\n      Vendor: LIO-ORG  Model: res_log_test_5   Rev: 4.0 \n      Type:   Direct-Access                    ANSI SCSI revision: 05\n Scanning for device 33 0 0 10 ... \nOLD: Host: scsi33 Channel: 00 Id: 00 Lun: 10\n      Vendor: LIO-ORG  Model: res_luntest_10   Rev: 4.0 \n      Type:   Direct-Access                    ANSI SCSI revision: 05\n\x1b[A\x1b[A\x1b[A\x1b[Asg12 changed: INQUIRY failed    \n\n\n\n\r\x1b[A\x1b[A\x1b[AREM: Host: scsi33 Channel: 00 Id: 00 Lun: 10\n\x1b[B\x1b[B\n\r\x1b[A\x1b[A\x1b[AOLD: \rDEL: \r\n\n Scanning for device 33 0 0 124 ... \nOLD: Host: scsi33 Channel: 00 Id: 00 Lun: 124\n      Vendor: LIO-ORG  Model: res_log_test_12  Rev: 4.0 \n      Type:   Direct-Access                    ANSI SCSI revision: 05\n\r\x1b[A\x1b[A\x1b[AOLD: Host: scsi33 Channel: 00 Id: 00 Lun: 124\n      Vendor: LIO-ORG  Model: res_log_test_12  Rev: 4.0 \n      Type:   Direct-Access                    ANSI SCSI revision: 05\n Scanning for device 33 0 0 125 ... \nOLD: Host: scsi33 Channel: 00 Id: 00 Lun: 125\n      Vendor: LIO-ORG  Model: res_log_test_12  Rev: 4.0 \n      Type:   Direct-Access                    ANSI SCSI revision: 05\n\r\x1b[A\x1b[A\x1b[AOLD: Host: scsi33 Channel: 00 Id: 00 Lun: 125\n      Vendor: LIO-ORG  Model: res_log_test_12  Rev: 4.0 \n      Type:   Direct-Access                    ANSI SCSI revision: 05\n Scanning for device 33 0 0 126 ... \nOLD: Host: scsi33 Channel: 00 Id: 00 Lun: 126\n      Vendor: LIO-ORG  Model: res_log_test_12  Rev: 4.0 \n      Type:   Direct-Access                    ANSI SCSI revision: 05\n\r\x1b[A\x1b[A\x1b[AOLD: Host: scsi33 Channel: 00 Id: 00 Lun: 126\n      Vendor: LIO-ORG  Model: res_log_test_12  Rev: 4.0 \n      Type:   Direct-Access                    ANSI SCSI revision: 05\n Scanning for device 33 0 0 127 ... \nOLD: Host: scsi33 Channel: 00 Id: 00 Lun: 127\n      Vendor: LIO-ORG  Model: res_log_test_12  Rev: 4.0 \n      Type:   Direct-Access                    ANSI SCSI revision: 05\n\r\x1b[A\x1b[A\x1b[AOLD: Host: scsi33 Channel: 00 Id: 00 Lun: 127\n      Vendor: LIO-ORG  Model: res_log_test_12  Rev: 4.0 \n      Type:   Direct-Access                    ANSI SCSI revision: 05\n Scanning for device 33 0 0 128 ... \nOLD: Host: scsi33 Channel: 00 Id: 00 Lun: 128\n      Vendor: LIO-ORG  Model: res_log_test_12  Rev: 4.0 \n      Type:   Direct-Access                    ANSI SCSI revision: 05\n\r\x1b[A\x1b[A\x1b[AOLD: Host: scsi33 Channel: 00 Id: 00 Lun: 128\n      Vendor: LIO-ORG  Model: res_log_test_12  Rev: 4.0 \n      Type:   Direct-Access                    ANSI SCSI revision: 05\n Scanning for device 33 0 0 129 ... \nOLD: Host: scsi33 Channel: 00 Id: 00 Lun: 129\n      Vendor: LIO-ORG  Model: res_log_test_12  Rev: 4.0 \n      Type:   Direct-Access                    ANSI SCSI revision: 05\n\r\x1b[A\x1b[A\x1b[AOLD: Host: scsi33 Channel: 00 Id: 00 Lun: 129\n      Vendor: LIO-ORG  Model: res_log_test_12  Rev: 4.0 \n      Type:   Direct-Access                    ANSI SCSI revision: 05\n Scanning for device 33 0 0 130 ... \nOLD: Host: scsi33 Channel: 00 Id: 00 Lun: 130\n      Vendor: LIO-ORG  Model: res_log_test_13  Rev: 4.0 \n      Type:   Direct-Access                    ANSI SCSI revision: 05\n\r\x1b[A\x1b[A\x1b[AOLD: Host: scsi33 Channel: 00 Id: 00 Lun: 130\n      Vendor: LIO-ORG  Model: res_log_test_13  Rev: 4.0 \n      Type:   Direct-Access                    ANSI SCSI revision: 05\n Scanning for device 33 0 0 131 ... \nOLD: Host: scsi33 Channel: 00 Id: 00 Lun: 131\n      Vendor: LIO-ORG  Model: res_log_test_13  Rev: 4.0 \n      Type:   Direct-Access                    ANSI SCSI revision: 05\n\r\x1b[A\x1b[A\x1b[AOLD: Host: scsi33 Channel: 00 Id: 00 Lun: 131\n      Vendor: LIO-ORG  Model: res_log_test_13  Rev: 4.0 \n      Type:   Direct-Access                    ANSI SCSI revision: 05\n Scanning for device 33 0 0 132 ... \nOLD: Host: scsi33 Channel: 00 Id: 00 Lun: 132\n      Vendor: LIO-ORG  Model: res_log_test_13  Rev: 4.0 \n      Type:   Direct-Access                    ANSI SCSI revision: 05\n\r\x1b[A\x1b[A\x1b[AOLD: Host: scsi33 Channel: 00 Id: 00 Lun: 132\n      Vendor: LIO-ORG  Model: res_log_test_13  Rev: 4.0 \n      Type:   Direct-Access                    ANSI SCSI revision: 05\n0 new or changed device(s) found.          \n0 remapped or resized device(s) found.\n1 device(s) removed.                 \n\t[33:0:0:10]\n'}]
